<?xml version="1.0" encoding="utf-8"?><testsuites name="pytest tests"><testsuite name="pytest" errors="0" failures="5" skipped="4" tests="31" time="9.202" timestamp="2026-04-04T16:27:23.267238+00:00" hostname="agent-env-1da28463-b627-4ccd-8eb1-1cb9d5a0e6e4"><testcase classname="backend.tests.test_grocery_laundry_admin.TestAuthAndRBAC" name="test_01_tenant_admin_login" time="0.494" /><testcase classname="backend.tests.test_grocery_laundry_admin.TestAuthAndRBAC" name="test_02_super_admin_cannot_access_grocery_admin" time="0.462" /><testcase classname="backend.tests.test_grocery_laundry_admin.TestAuthAndRBAC" name="test_03_super_admin_cannot_access_laundry_admin" time="0.120" /><testcase classname="backend.tests.test_grocery_laundry_admin.TestGroceryCategories" name="test_01_list_categories" time="0.428" /><testcase classname="backend.tests.test_grocery_laundry_admin.TestGroceryCategories" name="test_02_create_category" time="0.291" /><testcase classname="backend.tests.test_grocery_laundry_admin.TestGroceryCategories" name="test_03_create_subcategory" time="0.419" /><testcase classname="backend.tests.test_grocery_laundry_admin.TestGroceryCategories" name="test_04_update_category" time="0.108" /><testcase classname="backend.tests.test_grocery_laundry_admin.TestGroceryCategories" name="test_05_delete_category" time="0.102" /><testcase classname="backend.tests.test_grocery_laundry_admin.TestGroceryProducts" name="test_01_list_products" time="0.469" /><testcase classname="backend.tests.test_grocery_laundry_admin.TestGroceryProducts" name="test_02_create_product" time="0.246"><failure message="AssertionError: Failed to create product: {&quot;detail&quot;:[{&quot;type&quot;:&quot;missing&quot;,&quot;loc&quot;:[&quot;body&quot;,&quot;store_id&quot;],&quot;msg&quot;:&quot;Field required&quot;,&quot;input&quot;:{&quot;name&quot;:&quot;TEST_Organic Apples&quot;,&quot;description&quot;:&quot;Fresh organic apples&quot;,&quot;brand&quot;:&quot;FarmFresh&quot;,&quot;category_id&quot;:&quot;74da5665-8baa-4bea-a12e-c29ee5feb3a8&quot;,&quot;mrp&quot;:150.0,&quot;selling_price&quot;:120.0,&quot;unit_type&quot;:&quot;kg&quot;,&quot;unit_value&quot;:1,&quot;current_stock&quot;:50,&quot;low_stock_threshold&quot;:10,&quot;is_organic&quot;:true,&quot;is_fresh&quot;:true,&quot;images&quot;:[],&quot;tags&quot;:[&quot;organic&quot;,&quot;fresh&quot;]},&quot;url&quot;:&quot;https://errors.pydantic.dev/2.12/v/missing&quot;}]}&#10;assert 422 == 200&#10; +  where 422 = &lt;Response [422]&gt;.status_code">backend/tests/test_grocery_laundry_admin.py:230: in test_02_create_product
    assert response.status_code == 200, f"Failed to create product: {response.text}"
E   AssertionError: Failed to create product: {"detail":[{"type":"missing","loc":["body","store_id"],"msg":"Field required","input":{"name":"TEST_Organic Apples","description":"Fresh organic apples","brand":"FarmFresh","category_id":"74da5665-8baa-4bea-a12e-c29ee5feb3a8","mrp":150.0,"selling_price":120.0,"unit_type":"kg","unit_value":1,"current_stock":50,"low_stock_threshold":10,"is_organic":true,"is_fresh":true,"images":[],"tags":["organic","fresh"]},"url":"https://errors.pydantic.dev/2.12/v/missing"}]}
E   assert 422 == 200
E    +  where 422 = &lt;Response [422]&gt;.status_code</failure></testcase><testcase classname="backend.tests.test_grocery_laundry_admin.TestGroceryProducts" name="test_03_update_product" time="0.103"><failure message="KeyError: 'id'">backend/tests/test_grocery_laundry_admin.py:271: in test_03_update_product
    update_response = requests.put(f"{BASE_URL}/api/grocery-admin/products/{product['id']}",
                                                                           ^^^^^^^^^^^^^
E   KeyError: 'id'</failure></testcase><testcase classname="backend.tests.test_grocery_laundry_admin.TestGroceryProducts" name="test_04_delete_product" time="0.224"><failure message="KeyError: 'id'">backend/tests/test_grocery_laundry_admin.py:306: in test_04_delete_product
    delete_response = requests.delete(f"{BASE_URL}/api/grocery-admin/products/{product['id']}",
                                                                              ^^^^^^^^^^^^^
E   KeyError: 'id'</failure></testcase><testcase classname="backend.tests.test_grocery_laundry_admin.TestGroceryInventory" name="test_01_add_stock" time="0.576"><skipped type="pytest.skip" message="Test product not created">/app/backend/tests/test_grocery_laundry_admin.py:367: Test product not created</skipped></testcase><testcase classname="backend.tests.test_grocery_laundry_admin.TestGroceryInventory" name="test_02_subtract_stock" time="0.000"><skipped type="pytest.skip" message="Test product not created">/app/backend/tests/test_grocery_laundry_admin.py:391: Test product not created</skipped></testcase><testcase classname="backend.tests.test_grocery_laundry_admin.TestGroceryInventory" name="test_03_set_stock" time="0.000"><skipped type="pytest.skip" message="Test product not created">/app/backend/tests/test_grocery_laundry_admin.py:419: Test product not created</skipped></testcase><testcase classname="backend.tests.test_grocery_laundry_admin.TestGroceryInventory" name="test_04_get_transactions" time="0.101" /><testcase classname="backend.tests.test_grocery_laundry_admin.TestGroceryInventory" name="test_05_get_low_stock" time="0.251" /><testcase classname="backend.tests.test_grocery_laundry_admin.TestLaundryServices" name="test_01_list_services" time="0.420" /><testcase classname="backend.tests.test_grocery_laundry_admin.TestLaundryServices" name="test_02_create_service" time="0.214" /><testcase classname="backend.tests.test_grocery_laundry_admin.TestLaundryServices" name="test_03_update_service" time="0.370" /><testcase classname="backend.tests.test_grocery_laundry_admin.TestLaundryServices" name="test_04_delete_service" time="0.231" /><testcase classname="backend.tests.test_grocery_laundry_admin.TestLaundryItems" name="test_01_list_items" time="0.447" /><testcase classname="backend.tests.test_grocery_laundry_admin.TestLaundryItems" name="test_02_create_item" time="0.237" /><testcase classname="backend.tests.test_grocery_laundry_admin.TestLaundryItems" name="test_03_update_item" time="0.329" /><testcase classname="backend.tests.test_grocery_laundry_admin.TestLaundryItems" name="test_04_delete_item" time="0.217" /><testcase classname="backend.tests.test_grocery_laundry_admin.TestLaundryPricing" name="test_01_list_pricing" time="0.440" /><testcase classname="backend.tests.test_grocery_laundry_admin.TestLaundryPricing" name="test_02_create_pricing_per_item" time="0.300"><failure message="AssertionError: Failed to create pricing: {&quot;detail&quot;:[{&quot;type&quot;:&quot;missing&quot;,&quot;loc&quot;:[&quot;body&quot;,&quot;store_id&quot;],&quot;msg&quot;:&quot;Field required&quot;,&quot;input&quot;:{&quot;service_id&quot;:&quot;28244671-85a8-40c3-99c4-a8e9e043b959&quot;,&quot;item_id&quot;:&quot;1e98a3c2-f22b-4815-8138-1e12827da5d4&quot;,&quot;pricing_type&quot;:&quot;per_item&quot;,&quot;price&quot;:50.0},&quot;url&quot;:&quot;https://errors.pydantic.dev/2.12/v/missing&quot;}]}&#10;assert 422 == 200&#10; +  where 422 = &lt;Response [422]&gt;.status_code">backend/tests/test_grocery_laundry_admin.py:677: in test_02_create_pricing_per_item
    assert response.status_code == 200, f"Failed to create pricing: {response.text}"
E   AssertionError: Failed to create pricing: {"detail":[{"type":"missing","loc":["body","store_id"],"msg":"Field required","input":{"service_id":"28244671-85a8-40c3-99c4-a8e9e043b959","item_id":"1e98a3c2-f22b-4815-8138-1e12827da5d4","pricing_type":"per_item","price":50.0},"url":"https://errors.pydantic.dev/2.12/v/missing"}]}
E   assert 422 == 200
E    +  where 422 = &lt;Response [422]&gt;.status_code</failure></testcase><testcase classname="backend.tests.test_grocery_laundry_admin.TestLaundryPricing" name="test_03_update_pricing" time="0.345"><skipped type="pytest.skip" message="Test pricing not found">/app/backend/tests/test_grocery_laundry_admin.py:698: Test pricing not found</skipped></testcase><testcase classname="backend.tests.test_grocery_laundry_admin.TestLaundryTimeSlots" name="test_01_list_time_slots" time="0.430" /><testcase classname="backend.tests.test_grocery_laundry_admin.TestLaundryTimeSlots" name="test_02_create_time_slot" time="0.132"><failure message="AssertionError: Failed to create time slot: {&quot;detail&quot;:[{&quot;type&quot;:&quot;missing&quot;,&quot;loc&quot;:[&quot;body&quot;,&quot;store_id&quot;],&quot;msg&quot;:&quot;Field required&quot;,&quot;input&quot;:{&quot;slot_type&quot;:&quot;pickup&quot;,&quot;start_time&quot;:&quot;09:00&quot;,&quot;end_time&quot;:&quot;12:00&quot;,&quot;max_capacity&quot;:10,&quot;days_of_week&quot;:[&quot;monday&quot;,&quot;tuesday&quot;,&quot;wednesday&quot;,&quot;thursday&quot;,&quot;friday&quot;]},&quot;url&quot;:&quot;https://errors.pydantic.dev/2.12/v/missing&quot;},{&quot;type&quot;:&quot;int_parsing&quot;,&quot;loc&quot;:[&quot;body&quot;,&quot;days_of_week&quot;,0],&quot;msg&quot;:&quot;Input should be a valid integer, unable to parse string as an integer&quot;,&quot;input&quot;:&quot;monday&quot;,&quot;url&quot;:&quot;https://errors.pydantic.dev/2.12/v/int_parsing&quot;},{&quot;type&quot;:&quot;int_parsing&quot;,&quot;loc&quot;:[&quot;body&quot;,&quot;days_of_week&quot;,1],&quot;msg&quot;:&quot;Input should be a valid integer, unable to parse string as an integer&quot;,&quot;input&quot;:&quot;tuesday&quot;,&quot;url&quot;:&quot;https://errors.pydantic.dev/2.12/v/int_parsing&quot;},{&quot;type&quot;:&quot;int_parsing&quot;,&quot;loc&quot;:[&quot;body&quot;,&quot;days_of_week&quot;,2],&quot;msg&quot;:&quot;Input should be a valid integer, unable to parse string as an integer&quot;,&quot;input&quot;:&quot;wednesday&quot;,&quot;url&quot;:&quot;https://errors.pydantic.dev/2.12/v/int_parsing&quot;},{&quot;type&quot;:&quot;int_parsing&quot;,&quot;loc&quot;:[&quot;body&quot;,&quot;days_of_week&quot;,3],&quot;msg&quot;:&quot;Input should be a valid integer, unable to parse string as an integer&quot;,&quot;input&quot;:&quot;thursday&quot;,&quot;url&quot;:&quot;https://errors.pydantic.dev/2.12/v/int_parsing&quot;},{&quot;type&quot;:&quot;int_parsing&quot;,&quot;loc&quot;:[&quot;body&quot;,&quot;days_of_week&quot;,4],&quot;msg&quot;:&quot;Input should be a valid integer, unable to parse string as an integer&quot;,&quot;input&quot;:&quot;friday&quot;,&quot;url&quot;:&quot;https://errors.pydantic.dev/2.12/v/int_parsing&quot;}]}&#10;assert 422 == 200&#10; +  where 422 = &lt;Response [422]&gt;.status_code">backend/tests/test_grocery_laundry_admin.py:744: in test_02_create_time_slot
    assert response.status_code == 200, f"Failed to create time slot: {response.text}"
E   AssertionError: Failed to create time slot: {"detail":[{"type":"missing","loc":["body","store_id"],"msg":"Field required","input":{"slot_type":"pickup","start_time":"09:00","end_time":"12:00","max_capacity":10,"days_of_week":["monday","tuesday","wednesday","thursday","friday"]},"url":"https://errors.pydantic.dev/2.12/v/missing"},{"type":"int_parsing","loc":["body","days_of_week",0],"msg":"Input should be a valid integer, unable to parse string as an integer","input":"monday","url":"https://errors.pydantic.dev/2.12/v/int_parsing"},{"type":"int_parsing","loc":["body","days_of_week",1],"msg":"Input should be a valid integer, unable to parse string as an integer","input":"tuesday","url":"https://errors.pydantic.dev/2.12/v/int_parsing"},{"type":"int_parsing","loc":["body","days_of_week",2],"msg":"Input should be a valid integer, unable to parse string as an integer","input":"wednesday","url":"https://errors.pydantic.dev/2.12/v/int_parsing"},{"type":"int_parsing","loc":["body","days_of_week",3],"msg":"Input should be a valid integer, unable to parse string as an integer","input":"thursday","url":"https://errors.pydantic.dev/2.12/v/int_parsing"},{"type":"int_parsing","loc":["body","days_of_week",4],"msg":"Input should be a valid integer, unable to parse string as an integer","input":"friday","url":"https://errors.pydantic.dev/2.12/v/int_parsing"}]}
E   assert 422 == 200
E    +  where 422 = &lt;Response [422]&gt;.status_code</failure></testcase><testcase classname="backend.tests.test_grocery_laundry_admin.TestLaundryOrders" name="test_01_list_orders" time="0.432" /></testsuite></testsuites>