<?xml version="1.0" encoding="utf-8"?><testsuites name="pytest tests"><testsuite name="pytest" errors="0" failures="1" skipped="0" tests="8" time="5.261" timestamp="2026-04-04T15:07:22.092274+00:00" hostname="agent-env-1da28463-b627-4ccd-8eb1-1cb9d5a0e6e4"><testcase classname="tests.test_vendor_rbac.TestVendorLogin" name="test_vendor_login_success" time="0.390" /><testcase classname="tests.test_vendor_rbac.TestVendorMenuItems" name="test_vendor_can_get_stores" time="0.452" /><testcase classname="tests.test_vendor_rbac.TestVendorMenuItems" name="test_vendor_can_get_categories" time="0.604" /><testcase classname="tests.test_vendor_rbac.TestVendorMenuItems" name="test_vendor_can_get_items" time="0.584" /><testcase classname="tests.test_vendor_rbac.TestVendorMenuItems" name="test_vendor_can_create_item" time="0.826" /><testcase classname="tests.test_vendor_rbac.TestVendorMenuItems" name="test_vendor_can_update_item" time="0.797" /><testcase classname="tests.test_vendor_rbac.TestVendorAnalytics" name="test_vendor_can_get_orders" time="0.529"><failure message="Failed: RBAC NOT FIXED: Vendor cannot access orders endpoint - Analytics page will fail">tests/test_vendor_rbac.py:277: in test_vendor_can_get_orders
    pytest.fail("RBAC NOT FIXED: Vendor cannot access orders endpoint - Analytics page will fail")
E   Failed: RBAC NOT FIXED: Vendor cannot access orders endpoint - Analytics page will fail</failure></testcase><testcase classname="tests.test_vendor_rbac.TestVendorIsolation" name="test_vendor_only_sees_own_store" time="0.899" /></testsuite></testsuites>