<?xml version="1.0" encoding="utf-8"?><testsuites name="pytest tests"><testsuite name="pytest" errors="0" failures="2" skipped="0" tests="11" time="4.987" timestamp="2026-04-04T15:10:12.947054+00:00" hostname="agent-env-1da28463-b627-4ccd-8eb1-1cb9d5a0e6e4"><testcase classname="tests.test_vendor_rbac_final.TestVendorRBACFinal" name="test_01_vendor_login_success" time="0.448"><failure message="KeyError: 'store_id'">tests/test_vendor_rbac_final.py:66: in test_01_vendor_login_success
    assert data["user"]["store_id"] is not None, "Vendor should have store_id"
           ^^^^^^^^^^^^^^^^^^^^^^^^
E   KeyError: 'store_id'</failure></testcase><testcase classname="tests.test_vendor_rbac_final.TestVendorRBACFinal" name="test_02_vendor_get_stores" time="0.394" /><testcase classname="tests.test_vendor_rbac_final.TestVendorRBACFinal" name="test_03_vendor_get_categories" time="0.387" /><testcase classname="tests.test_vendor_rbac_final.TestVendorRBACFinal" name="test_04_vendor_get_items" time="0.368" /><testcase classname="tests.test_vendor_rbac_final.TestVendorRBACFinal" name="test_05_vendor_create_item" time="0.485" /><testcase classname="tests.test_vendor_rbac_final.TestVendorRBACFinal" name="test_06_vendor_update_item" time="0.527" /><testcase classname="tests.test_vendor_rbac_final.TestVendorRBACFinal" name="test_07_vendor_delete_item" time="0.527" /><testcase classname="tests.test_vendor_rbac_final.TestVendorRBACFinal" name="test_08_vendor_get_orders" time="0.371" /><testcase classname="tests.test_vendor_rbac_final.TestVendorRBACFinal" name="test_09_vendor_get_orders_with_filter" time="0.391" /><testcase classname="tests.test_vendor_rbac_final.TestVendorRBACFinal" name="test_10_vendor_cannot_create_item_for_other_store" time="0.385"><failure message="AssertionError: Should deny access to other stores: 422&#10;assert 422 in [403, 404]&#10; +  where 422 = &lt;Response [422]&gt;.status_code">tests/test_vendor_rbac_final.py:246: in test_10_vendor_cannot_create_item_for_other_store
    assert response.status_code in [403, 404], f"Should deny access to other stores: {response.status_code}"
E   AssertionError: Should deny access to other stores: 422
E   assert 422 in [403, 404]
E    +  where 422 = &lt;Response [422]&gt;.status_code</failure></testcase><testcase classname="tests.test_vendor_rbac_final.TestVendorRBACFinal" name="test_99_cleanup_test_items" time="0.596" /></testsuite></testsuites>