<?xml version="1.0" encoding="utf-8"?><testsuites name="pytest tests"><testsuite name="pytest" errors="0" failures="0" skipped="0" tests="12" time="7.600" timestamp="2026-04-05T10:02:15.138492+00:00" hostname="agent-env-1da28463-b627-4ccd-8eb1-1cb9d5a0e6e4"><testcase classname="tests.test_delivery_partners.TestDeliveryPartnersCRUD" name="test_01_tenant_admin_login" time="0.756" /><testcase classname="tests.test_delivery_partners.TestDeliveryPartnersCRUD" name="test_02_get_delivery_partners_list" time="0.391" /><testcase classname="tests.test_delivery_partners.TestDeliveryPartnersCRUD" name="test_03_create_delivery_partner_success" time="0.520" /><testcase classname="tests.test_delivery_partners.TestDeliveryPartnersCRUD" name="test_04_create_delivery_partner_duplicate_email" time="0.543" /><testcase classname="tests.test_delivery_partners.TestDeliveryPartnersCRUD" name="test_05_create_delivery_partner_missing_required_fields" time="0.445" /><testcase classname="tests.test_delivery_partners.TestDeliveryPartnersCRUD" name="test_06_get_single_delivery_partner" time="0.467" /><testcase classname="tests.test_delivery_partners.TestDeliveryPartnersCRUD" name="test_07_update_delivery_partner" time="0.559" /><testcase classname="tests.test_delivery_partners.TestDeliveryPartnersCRUD" name="test_08_delete_delivery_partner" time="0.519" /><testcase classname="tests.test_delivery_partners.TestPasswordHashingFix" name="test_01_vendor_admin_creation_with_password" time="0.739" /><testcase classname="tests.test_delivery_partners.TestPasswordHashingFix" name="test_02_vendor_admin_can_login" time="1.152" /><testcase classname="tests.test_delivery_partners.TestSuperAdminUserCreation" name="test_01_super_admin_login" time="0.678" /><testcase classname="tests.test_delivery_partners.TestSuperAdminUserCreation" name="test_02_tenant_admin_creation" time="0.738" /></testsuite></testsuites>