<?xml version="1.0" encoding="utf-8"?><testsuites name="pytest tests"><testsuite name="pytest" errors="0" failures="0" skipped="0" tests="46" time="11.110" timestamp="2026-04-04T21:11:10.645361+00:00" hostname="agent-env-1da28463-b627-4ccd-8eb1-1cb9d5a0e6e4"><testcase classname="backend.tests.test_mobile_apps_api.TestHealthCheck" name="test_01_api_health" time="0.118" /><testcase classname="backend.tests.test_mobile_apps_api.TestCustomerAuth" name="test_01_send_otp_customer" time="0.153" /><testcase classname="backend.tests.test_mobile_apps_api.TestCustomerAuth" name="test_02_verify_otp_customer_new_user" time="0.166" /><testcase classname="backend.tests.test_mobile_apps_api.TestCustomerAuth" name="test_03_verify_otp_invalid" time="0.171" /><testcase classname="backend.tests.test_mobile_apps_api.TestCustomerStoreDiscovery" name="test_01_get_app_config" time="0.236" /><testcase classname="backend.tests.test_mobile_apps_api.TestCustomerStoreDiscovery" name="test_02_discover_stores_all" time="0.224" /><testcase classname="backend.tests.test_mobile_apps_api.TestCustomerStoreDiscovery" name="test_03_discover_stores_food_module" time="0.282" /><testcase classname="backend.tests.test_mobile_apps_api.TestCustomerStoreDiscovery" name="test_04_discover_stores_grocery_module" time="0.212" /><testcase classname="backend.tests.test_mobile_apps_api.TestCustomerStoreDiscovery" name="test_05_discover_stores_laundry_module" time="0.202" /><testcase classname="backend.tests.test_mobile_apps_api.TestCustomerStoreDiscovery" name="test_06_search_stores_and_items" time="0.204" /><testcase classname="backend.tests.test_mobile_apps_api.TestCustomerStoreDetails" name="test_01_get_restaurant_details" time="0.271" /><testcase classname="backend.tests.test_mobile_apps_api.TestCustomerStoreDetails" name="test_02_get_restaurant_not_found" time="0.252" /><testcase classname="backend.tests.test_mobile_apps_api.TestCustomerCart" name="test_01_get_empty_cart" time="0.400" /><testcase classname="backend.tests.test_mobile_apps_api.TestCustomerCart" name="test_02_add_to_cart" time="0.357" /><testcase classname="backend.tests.test_mobile_apps_api.TestCustomerCart" name="test_03_get_cart_with_items" time="0.549" /><testcase classname="backend.tests.test_mobile_apps_api.TestCustomerCart" name="test_04_update_cart_item" time="0.467" /><testcase classname="backend.tests.test_mobile_apps_api.TestCustomerCart" name="test_05_remove_from_cart" time="0.403" /><testcase classname="backend.tests.test_mobile_apps_api.TestCustomerCart" name="test_06_clear_cart" time="0.361" /><testcase classname="backend.tests.test_mobile_apps_api.TestCustomerAddresses" name="test_01_list_addresses" time="0.238" /><testcase classname="backend.tests.test_mobile_apps_api.TestCustomerAddresses" name="test_02_create_address" time="0.188" /><testcase classname="backend.tests.test_mobile_apps_api.TestCustomerAddresses" name="test_03_update_address" time="0.359" /><testcase classname="backend.tests.test_mobile_apps_api.TestCustomerAddresses" name="test_04_delete_address" time="0.255" /><testcase classname="backend.tests.test_mobile_apps_api.TestCustomerProfile" name="test_01_get_profile" time="0.268" /><testcase classname="backend.tests.test_mobile_apps_api.TestCustomerProfile" name="test_02_update_profile" time="0.207" /><testcase classname="backend.tests.test_mobile_apps_api.TestCustomerOrders" name="test_01_get_order_history" time="0.229" /><testcase classname="backend.tests.test_mobile_apps_api.TestCustomerOrders" name="test_02_get_order_details_not_found" time="0.255" /><testcase classname="backend.tests.test_mobile_apps_api.TestCustomerCoupons" name="test_01_get_available_coupons" time="0.189" /><testcase classname="backend.tests.test_mobile_apps_api.TestDeliveryPartnerAuth" name="test_01_send_otp_delivery_partner" time="0.102" /><testcase classname="backend.tests.test_mobile_apps_api.TestDeliveryPartnerAuth" name="test_02_verify_otp_delivery_partner" time="0.166" /><testcase classname="backend.tests.test_mobile_apps_api.TestDeliveryPartnerProfile" name="test_01_get_profile" time="0.207" /><testcase classname="backend.tests.test_mobile_apps_api.TestDeliveryPartnerProfile" name="test_02_update_profile" time="0.198" /><testcase classname="backend.tests.test_mobile_apps_api.TestDeliveryPartnerLocation" name="test_01_update_location" time="0.210" /><testcase classname="backend.tests.test_mobile_apps_api.TestDeliveryPartnerAvailableDeliveries" name="test_01_get_available_deliveries" time="0.194" /><testcase classname="backend.tests.test_mobile_apps_api.TestDeliveryPartnerAvailableDeliveries" name="test_02_get_available_deliveries_food_module" time="0.243" /><testcase classname="backend.tests.test_mobile_apps_api.TestDeliveryPartnerAvailableDeliveries" name="test_03_get_available_deliveries_grocery_module" time="0.253" /><testcase classname="backend.tests.test_mobile_apps_api.TestDeliveryPartnerAssignedDeliveries" name="test_01_get_assigned_deliveries" time="0.222" /><testcase classname="backend.tests.test_mobile_apps_api.TestDeliveryPartnerHistory" name="test_01_get_delivery_history" time="0.201" /><testcase classname="backend.tests.test_mobile_apps_api.TestDeliveryPartnerEarnings" name="test_01_get_earnings_today" time="0.211" /><testcase classname="backend.tests.test_mobile_apps_api.TestDeliveryPartnerEarnings" name="test_02_get_earnings_week" time="0.217" /><testcase classname="backend.tests.test_mobile_apps_api.TestDeliveryPartnerEarnings" name="test_03_get_earnings_month" time="0.218" /><testcase classname="backend.tests.test_mobile_apps_api.TestDeliveryPartnerEarnings" name="test_04_get_earnings_all_time" time="0.282" /><testcase classname="backend.tests.test_mobile_apps_api.TestDeliveryPartnerAcceptReject" name="test_01_accept_non_existent_order" time="0.232" /><testcase classname="backend.tests.test_mobile_apps_api.TestDeliveryPartnerAcceptReject" name="test_02_reject_delivery" time="0.197" /><testcase classname="backend.tests.test_mobile_apps_api.TestDeliveryPartnerStatusUpdate" name="test_01_update_status_invalid_order" time="0.243" /><testcase classname="backend.tests.test_mobile_apps_api.TestDeliveryPartnerStatusUpdate" name="test_02_update_status_invalid_status" time="0.204" /><testcase classname="backend.tests.test_mobile_apps_api.TestCleanup" name="test_cleanup_test_users" time="0.000" /></testsuite></testsuites>