<?xml version="1.0" encoding="utf-8"?><testsuites name="pytest tests"><testsuite name="pytest" errors="0" failures="0" skipped="0" tests="25" time="9.244" timestamp="2026-04-04T11:02:48.256088+00:00" hostname="agent-env-1da28463-b627-4ccd-8eb1-1cb9d5a0e6e4"><testcase classname="backend.tests.test_hyperserve_api.TestHealthCheck" name="test_api_health" time="0.202" /><testcase classname="backend.tests.test_hyperserve_api.TestHealthCheck" name="test_api_root" time="0.097" /><testcase classname="backend.tests.test_hyperserve_api.TestAuthFlow" name="test_send_otp_customer" time="0.126" /><testcase classname="backend.tests.test_hyperserve_api.TestAuthFlow" name="test_verify_otp_customer" time="0.223" /><testcase classname="backend.tests.test_hyperserve_api.TestAuthFlow" name="test_send_otp_tenant_admin" time="0.100" /><testcase classname="backend.tests.test_hyperserve_api.TestAuthFlow" name="test_verify_otp_tenant_admin" time="0.237" /><testcase classname="backend.tests.test_hyperserve_api.TestAuthFlow" name="test_send_otp_super_admin" time="0.096" /><testcase classname="backend.tests.test_hyperserve_api.TestAuthFlow" name="test_invalid_otp" time="0.194" /><testcase classname="backend.tests.test_hyperserve_api.TestCustomerAPIs" name="test_get_restaurants" time="0.297" /><testcase classname="backend.tests.test_hyperserve_api.TestCustomerAPIs" name="test_get_restaurant_details" time="0.418" /><testcase classname="backend.tests.test_hyperserve_api.TestCustomerAPIs" name="test_get_addresses" time="0.332" /><testcase classname="backend.tests.test_hyperserve_api.TestCustomerAPIs" name="test_place_order" time="0.624" /><testcase classname="backend.tests.test_hyperserve_api.TestCustomerAPIs" name="test_get_orders" time="0.316" /><testcase classname="backend.tests.test_hyperserve_api.TestTenantAdminAPIs" name="test_get_settings" time="0.308" /><testcase classname="backend.tests.test_hyperserve_api.TestTenantAdminAPIs" name="test_update_settings" time="0.497" /><testcase classname="backend.tests.test_hyperserve_api.TestTenantAdminAPIs" name="test_get_stores" time="0.311" /><testcase classname="backend.tests.test_hyperserve_api.TestTenantAdminAPIs" name="test_get_items" time="0.293" /><testcase classname="backend.tests.test_hyperserve_api.TestTenantAdminAPIs" name="test_get_orders" time="0.300" /><testcase classname="backend.tests.test_hyperserve_api.TestSuperAdminAPIs" name="test_get_dashboard" time="0.322" /><testcase classname="backend.tests.test_hyperserve_api.TestSuperAdminAPIs" name="test_get_tenants" time="2.394" /><testcase classname="backend.tests.test_hyperserve_api.TestSuperAdminAPIs" name="test_get_subscription_plans" time="0.291" /><testcase classname="backend.tests.test_hyperserve_api.TestPriceCalculation" name="test_order_price_breakdown" time="0.301" /><testcase classname="backend.tests.test_hyperserve_api.TestRoleBasedAccess" name="test_customer_cannot_access_tenant_admin" time="0.311" /><testcase classname="backend.tests.test_hyperserve_api.TestRoleBasedAccess" name="test_customer_cannot_access_super_admin" time="0.289" /><testcase classname="backend.tests.test_hyperserve_api.TestRoleBasedAccess" name="test_tenant_admin_cannot_access_super_admin" time="0.293" /></testsuite></testsuites>