<?xml version="1.0" encoding="utf-8"?><testsuites name="pytest tests"><testsuite name="pytest" errors="0" failures="0" skipped="0" tests="11" time="7.098" timestamp="2026-04-05T12:04:40.294847+00:00" hostname="agent-env-1da28463-b627-4ccd-8eb1-1cb9d5a0e6e4"><testcase classname="tests.test_order_lifecycle.TestOrderLifecycleE2E" name="test_01_complete_order_lifecycle" time="2.706" /><testcase classname="tests.test_order_lifecycle.TestOrderAPIs" name="test_health_check" time="0.138" /><testcase classname="tests.test_order_lifecycle.TestOrderAPIs" name="test_super_admin_login" time="0.483" /><testcase classname="tests.test_order_lifecycle.TestOrderAPIs" name="test_tenant_admin_login" time="0.552" /><testcase classname="tests.test_order_lifecycle.TestOrderAPIs" name="test_vendor_admin_login" time="0.599" /><testcase classname="tests.test_order_lifecycle.TestOrderAPIs" name="test_delivery_partner_login" time="0.601" /><testcase classname="tests.test_order_lifecycle.TestOrderAPIs" name="test_customer_config" time="0.048" /><testcase classname="tests.test_order_lifecycle.TestOrderAPIs" name="test_customer_stores_public" time="0.046" /><testcase classname="tests.test_order_lifecycle.TestOrderAPIs" name="test_tenant_admin_stores" time="0.621" /><testcase classname="tests.test_order_lifecycle.TestOrderAPIs" name="test_tenant_admin_orders" time="0.650" /><testcase classname="tests.test_order_lifecycle.TestOrderAPIs" name="test_delivery_partner_profile" time="0.563" /></testsuite></testsuites>