<?xml version="1.0" encoding="utf-8"?><testsuites name="pytest tests"><testsuite name="pytest" errors="0" failures="0" skipped="0" tests="12" time="3.534" timestamp="2026-04-04T13:20:15.694299+00:00" hostname="agent-env-1da28463-b627-4ccd-8eb1-1cb9d5a0e6e4"><testcase classname="tests.test_auth_endpoints.TestEmailPasswordLogin" name="test_login_success_super_admin" time="0.433" /><testcase classname="tests.test_auth_endpoints.TestEmailPasswordLogin" name="test_login_invalid_credentials" time="0.159" /><testcase classname="tests.test_auth_endpoints.TestEmailPasswordLogin" name="test_login_missing_password" time="0.116" /><testcase classname="tests.test_auth_endpoints.TestEmailOTPLogin" name="test_send_email_otp_success" time="0.155" /><testcase classname="tests.test_auth_endpoints.TestEmailOTPLogin" name="test_send_email_otp_invalid_email" time="0.120" /><testcase classname="tests.test_auth_endpoints.TestEmailOTPLogin" name="test_send_email_otp_missing_email" time="0.105" /><testcase classname="tests.test_auth_endpoints.TestEmailOTPLogin" name="test_verify_email_otp_success" time="0.266" /><testcase classname="tests.test_auth_endpoints.TestEmailOTPLogin" name="test_verify_email_otp_invalid" time="0.253" /><testcase classname="tests.test_auth_endpoints.TestForgotPassword" name="test_reset_password_success" time="0.824" /><testcase classname="tests.test_auth_endpoints.TestForgotPassword" name="test_reset_password_invalid_otp" time="0.227" /><testcase classname="tests.test_auth_endpoints.TestForgotPassword" name="test_reset_password_missing_fields" time="0.104" /><testcase classname="tests.test_auth_endpoints.TestTenantCreation" name="test_create_tenant_with_new_fields" time="0.567" /></testsuite></testsuites>